cl : command line  warning D9035: option 'Gm' has been deprecated and will be removed in a future release
  TrainingFramework.cpp
D:\Git\game\testgame\MiniGameStarter\TrainingFramework\src\Application.h(4,10): fatal  error C1083: Cannot open include file: 'soloud_wav.h': No such file or directory
  KeyBoard.cpp
  GSPlay.cpp
D:\Git\game\testgame\MiniGameStarter\TrainingFramework\src\Application.h(4,10): fatal  error C1083: Cannot open include file: 'soloud_wav.h': No such file or directory
  GSOption.cpp
D:\Git\game\testgame\MiniGameStarter\TrainingFramework\src\Application.h(4,10): fatal  error C1083: Cannot open include file: 'soloud_wav.h': No such file or directory
  GSMenu.cpp
D:\Git\game\testgame\MiniGameStarter\TrainingFramework\src\Application.h(4,10): fatal  error C1083: Cannot open include file: 'soloud_wav.h': No such file or directory
  GSIntro.cpp
D:\Git\game\testgame\MiniGameStarter\TrainingFramework\src\Application.h(4,10): fatal  error C1083: Cannot open include file: 'soloud_wav.h': No such file or directory
  GSHighScore.cpp
D:\Git\game\testgame\MiniGameStarter\TrainingFramework\src\Application.h(4,10): fatal  error C1083: Cannot open include file: 'soloud_wav.h': No such file or directory
  GSEndGame.cpp
D:\Git\game\testgame\MiniGameStarter\TrainingFramework\src\Application.h(4,10): fatal  error C1083: Cannot open include file: 'soloud_wav.h': No such file or directory
  GSCredit.cpp
D:\Git\game\testgame\MiniGameStarter\TrainingFramework\src\Application.h(4,10): fatal  error C1083: Cannot open include file: 'soloud_wav.h': No such file or directory
  GameStateMachine.cpp
D:\Git\game\testgame\MiniGameStarter\TrainingFramework\src\Application.h(4,10): fatal  error C1083: Cannot open include file: 'soloud_wav.h': No such file or directory
  GameStatebase.cpp
D:\Git\game\testgame\MiniGameStarter\TrainingFramework\src\Application.h(4,10): fatal  error C1083: Cannot open include file: 'soloud_wav.h': No such file or directory
  Texture.cpp
  Text.cpp
D:\Git\game\testgame\MiniGameStarter\TrainingFramework\src\GameObject\Text.cpp(24,11): warning C4244: 'initializing': conversion from 'double' to 'float', possible loss of data
D:\Git\game\testgame\MiniGameStarter\TrainingFramework\src\GameObject\Text.cpp(25,11): warning C4244: 'initializing': conversion from 'double' to 'float', possible loss of data
D:\Git\game\testgame\MiniGameStarter\TrainingFramework\src\GameObject\Text.cpp(171,11): warning C4244: 'initializing': conversion from 'double' to 'float', possible loss of data
D:\Git\game\testgame\MiniGameStarter\TrainingFramework\src\GameObject\Text.cpp(172,11): warning C4244: 'initializing': conversion from 'double' to 'float', possible loss of data
D:\Git\game\testgame\MiniGameStarter\TrainingFramework\src\GameObject\Text.cpp(182,11): warning C4244: 'initializing': conversion from 'double' to 'float', possible loss of data
D:\Git\game\testgame\MiniGameStarter\TrainingFramework\src\GameObject\Text.cpp(183,11): warning C4244: 'initializing': conversion from 'double' to 'float', possible loss of data
  Shaders.cpp
D:\Git\game\testgame\MiniGameStarter\TrainingFramework\src\GameObject\Shaders.cpp(21,2): warning C4477: 'printf' : format string '%s' requires an argument of type 'char *', but variadic argument 1 has type 'const std::string'
D:\Git\game\testgame\MiniGameStarter\TrainingFramework\src\GameObject\Shaders.cpp(21,2): warning C4477: 'printf' : format string '%s' requires an argument of type 'char *', but variadic argument 2 has type 'const std::string'
D:\Git\game\testgame\MiniGameStarter\TrainingFramework\src\GameObject\Shaders.cpp(25,3): warning C4477: 'printf' : format string '%s' requires an argument of type 'char *', but variadic argument 1 has type 'const std::string'
D:\Git\game\testgame\MiniGameStarter\TrainingFramework\src\GameObject\Shaders.cpp(32,3): warning C4477: 'printf' : format string '%s' requires an argument of type 'char *', but variadic argument 1 has type 'const std::string'
D:\Git\game\testgame\MiniGameStarter\TrainingFramework\src\GameObject\Shaders.cpp(44,2): warning C4477: 'printf' : format string '%s' requires an argument of type 'char *', but variadic argument 1 has type 'const std::string'
D:\Git\game\testgame\MiniGameStarter\TrainingFramework\src\GameObject\Shaders.cpp(44,2): warning C4477: 'printf' : format string '%s' requires an argument of type 'char *', but variadic argument 2 has type 'const std::string'
  Models.cpp
D:\Git\game\testgame\MiniGameStarter\TrainingFramework\src\GameObject\Models.cpp(10,3): warning C4477: 'printf' : format string '%s' requires an argument of type 'char *', but variadic argument 1 has type 'const std::string'
D:\Git\game\testgame\MiniGameStarter\TrainingFramework\src\GameObject\Models.cpp(13,2): warning C4477: 'printf' : format string '%s' requires an argument of type 'char *', but variadic argument 1 has type 'const std::string'
D:\Git\game\testgame\MiniGameStarter\TrainingFramework\src\GameObject\Models.cpp(25,18): warning C4244: 'initializing': conversion from 'std::streamoff' to 'size_t', possible loss of data
D:\Git\game\testgame\MiniGameStarter\TrainingFramework\src\GameObject\Models.cpp(35,12): warning C4996: 'sscanf': This function or variable may be unsafe. Consider using sscanf_s instead. To disable deprecation, use _CRT_SECURE_NO_WARNINGS. See online help for details.
D:\Git\game\testgame\MiniGameStarter\TrainingFramework\src\GameObject\Models.cpp(40,9): warning C4996: 'sscanf': This function or variable may be unsafe. Consider using sscanf_s instead. To disable deprecation, use _CRT_SECURE_NO_WARNINGS. See online help for details.
D:\Git\game\testgame\MiniGameStarter\TrainingFramework\src\GameObject\Models.cpp(62,8): warning C4996: 'sscanf': This function or variable may be unsafe. Consider using sscanf_s instead. To disable deprecation, use _CRT_SECURE_NO_WARNINGS. See online help for details.
D:\Git\game\testgame\MiniGameStarter\TrainingFramework\src\GameObject\Models.cpp(68,9): warning C4996: 'sscanf': This function or variable may be unsafe. Consider using sscanf_s instead. To disable deprecation, use _CRT_SECURE_NO_WARNINGS. See online help for details.
  Sprite3D.cpp
  Camera.cpp
  Sprite2D.cpp
D:\Git\game\testgame\MiniGameStarter\TrainingFramework\src\GameObject\Sprite2D.cpp(151,11): warning C4244: 'initializing': conversion from 'double' to 'float', possible loss of data
D:\Git\game\testgame\MiniGameStarter\TrainingFramework\src\GameObject\Sprite2D.cpp(152,11): warning C4244: 'initializing': conversion from 'double' to 'float', possible loss of data
D:\Git\game\testgame\MiniGameStarter\TrainingFramework\src\GameObject\Sprite2D.cpp(162,11): warning C4244: 'initializing': conversion from 'double' to 'float', possible loss of data
D:\Git\game\testgame\MiniGameStarter\TrainingFramework\src\GameObject\Sprite2D.cpp(163,11): warning C4244: 'initializing': conversion from 'double' to 'float', possible loss of data
  Score.cpp
D:\Git\game\testgame\MiniGameStarter\TrainingFramework\src\GameObject\Score.cpp(21,6): warning C4996: 'fopen': This function or variable may be unsafe. Consider using fopen_s instead. To disable deprecation, use _CRT_SECURE_NO_WARNINGS. See online help for details.
D:\Git\game\testgame\MiniGameStarter\TrainingFramework\src\GameObject\Score.cpp(32,6): warning C4996: 'fopen': This function or variable may be unsafe. Consider using fopen_s instead. To disable deprecation, use _CRT_SECURE_NO_WARNINGS. See online help for details.
  StaticLayer.cpp
D:\Git\game\testgame\MiniGameStarter\TrainingFramework\src\GameManager\ResourceManagers.h(15,10): fatal  error C1083: Cannot open include file: 'soloud_wav.h': No such file or directory
  Generating Code...
  Compiling...
  SecretBoss.cpp
D:\Git\game\testgame\MiniGameStarter\TrainingFramework\src\GameManager\ResourceManagers.h(15,10): fatal  error C1083: Cannot open include file: 'soloud_wav.h': No such file or directory
  MoveRightSBState.cpp
D:\Git\game\testgame\MiniGameStarter\TrainingFramework\src\GameManager\ResourceManagers.h(15,10): fatal  error C1083: Cannot open include file: 'soloud_wav.h': No such file or directory
  MoveLeftSBState.cpp
D:\Git\game\testgame\MiniGameStarter\TrainingFramework\src\GameManager\ResourceManagers.h(15,10): fatal  error C1083: Cannot open include file: 'soloud_wav.h': No such file or directory
  LazeAttackSBState.cpp
D:\Git\game\testgame\MiniGameStarter\TrainingFramework\src\GameManager\ResourceManagers.h(15,10): fatal  error C1083: Cannot open include file: 'soloud_wav.h': No such file or directory
  BulletAttackSBState.cpp
D:\Git\game\testgame\MiniGameStarter\TrainingFramework\src\GameManager\ResourceManagers.h(15,10): fatal  error C1083: Cannot open include file: 'soloud_wav.h': No such file or directory
  Player.cpp
D:\Git\game\testgame\MiniGameStarter\TrainingFramework\src\GameManager\ResourceManagers.h(15,10): fatal  error C1083: Cannot open include file: 'soloud_wav.h': No such file or directory
  ParallelBackground.cpp
D:\Git\game\testgame\MiniGameStarter\TrainingFramework\src\GameObject\ParallelBackground.cpp(17,54): warning C4244: 'argument': conversion from 'double' to 'int', possible loss of data
D:\Git\game\testgame\MiniGameStarter\TrainingFramework\src\GameObject\ParallelBackground.cpp(18,43): warning C4244: 'argument': conversion from 'double' to 'int', possible loss of data
  LevelGame.cpp
D:\Git\game\testgame\MiniGameStarter\TrainingFramework\src\GameManager\ResourceManagers.h(15,10): fatal  error C1083: Cannot open include file: 'soloud_wav.h': No such file or directory
  GameButton.cpp
  Font.cpp
  FlameManager.cpp
D:\Git\game\testgame\MiniGameStarter\TrainingFramework\src\GameManager\ResourceManagers.h(15,10): fatal  error C1083: Cannot open include file: 'soloud_wav.h': No such file or directory
  Flame.cpp
D:\Git\game\testgame\MiniGameStarter\TrainingFramework\src\GameManager\ResourceManagers.h(15,10): fatal  error C1083: Cannot open include file: 'soloud_wav.h': No such file or directory
  Entity.cpp
D:\Git\game\testgame\MiniGameStarter\TrainingFramework\src\GameManager\ResourceManagers.h(15,10): fatal  error C1083: Cannot open include file: 'soloud_wav.h': No such file or directory
  EnemyManager.cpp
D:\Git\game\testgame\MiniGameStarter\TrainingFramework\src\GameManager\ResourceManagers.h(15,10): fatal  error C1083: Cannot open include file: 'soloud_wav.h': No such file or directory
  Enemy.cpp
D:\Git\game\testgame\MiniGameStarter\TrainingFramework\src\GameManager\ResourceManagers.h(15,10): fatal  error C1083: Cannot open include file: 'soloud_wav.h': No such file or directory
  CheckCollision.cpp
D:\Git\game\testgame\MiniGameStarter\TrainingFramework\src\GameManager\ResourceManagers.h(15,10): fatal  error C1083: Cannot open include file: 'soloud_wav.h': No such file or directory
  RunCState.cpp
D:\Git\game\testgame\MiniGameStarter\TrainingFramework\src\GameManager\ResourceManagers.h(15,10): fatal  error C1083: Cannot open include file: 'soloud_wav.h': No such file or directory
  JumpCState.cpp
D:\Git\game\testgame\MiniGameStarter\TrainingFramework\src\GameManager\ResourceManagers.h(15,10): fatal  error C1083: Cannot open include file: 'soloud_wav.h': No such file or directory
  IdleCState.cpp
D:\Git\game\testgame\MiniGameStarter\TrainingFramework\src\GameManager\ResourceManagers.h(15,10): fatal  error C1083: Cannot open include file: 'soloud_wav.h': No such file or directory
  FallCState.cpp
D:\Git\game\testgame\MiniGameStarter\TrainingFramework\src\GameManager\ResourceManagers.h(15,10): fatal  error C1083: Cannot open include file: 'soloud_wav.h': No such file or directory
  Generating Code...
  Compiling...
  DeathCState.cpp
D:\Git\game\testgame\MiniGameStarter\TrainingFramework\src\GameManager\ResourceManagers.h(15,10): fatal  error C1083: Cannot open include file: 'soloud_wav.h': No such file or directory
  DashCState.cpp
D:\Git\game\testgame\MiniGameStarter\TrainingFramework\src\GameManager\ResourceManagers.h(15,10): fatal  error C1083: Cannot open include file: 'soloud_wav.h': No such file or directory
  Charater.cpp
D:\Git\game\testgame\MiniGameStarter\TrainingFramework\src\GameManager\ResourceManagers.h(15,10): fatal  error C1083: Cannot open include file: 'soloud_wav.h': No such file or directory
  AttackCState.cpp
D:\Git\game\testgame\MiniGameStarter\TrainingFramework\src\GameManager\ResourceManagers.h(15,10): fatal  error C1083: Cannot open include file: 'soloud_wav.h': No such file or directory
  BulletManager.cpp
D:\Git\game\testgame\MiniGameStarter\TrainingFramework\src\GameManager\ResourceManagers.h(15,10): fatal  error C1083: Cannot open include file: 'soloud_wav.h': No such file or directory
  Bullet.cpp
D:\Git\game\testgame\MiniGameStarter\TrainingFramework\src\GameManager\ResourceManagers.h(15,10): fatal  error C1083: Cannot open include file: 'soloud_wav.h': No such file or directory
  PosionAttackBState.cpp
D:\Git\game\testgame\MiniGameStarter\TrainingFramework\src\GameManager\ResourceManagers.h(15,10): fatal  error C1083: Cannot open include file: 'soloud_wav.h': No such file or directory
  JumpBState.cpp
D:\Git\game\testgame\MiniGameStarter\TrainingFramework\src\GameManager\ResourceManagers.h(15,10): fatal  error C1083: Cannot open include file: 'soloud_wav.h': No such file or directory
  JumpBiteBState.cpp
D:\Git\game\testgame\MiniGameStarter\TrainingFramework\src\GameManager\ResourceManagers.h(15,10): fatal  error C1083: Cannot open include file: 'soloud_wav.h': No such file or directory
  IdleBState.cpp
D:\Git\game\testgame\MiniGameStarter\TrainingFramework\src\GameManager\ResourceManagers.h(15,10): fatal  error C1083: Cannot open include file: 'soloud_wav.h': No such file or directory
  HurtBState.cpp
D:\Git\game\testgame\MiniGameStarter\TrainingFramework\src\GameManager\ResourceManagers.h(15,10): fatal  error C1083: Cannot open include file: 'soloud_wav.h': No such file or directory
  FallBState.cpp
D:\Git\game\testgame\MiniGameStarter\TrainingFramework\src\GameManager\ResourceManagers.h(15,10): fatal  error C1083: Cannot open include file: 'soloud_wav.h': No such file or directory
  DeathBState.cpp
D:\Git\game\testgame\MiniGameStarter\TrainingFramework\src\GameManager\ResourceManagers.h(15,10): fatal  error C1083: Cannot open include file: 'soloud_wav.h': No such file or directory
  Boss.cpp
D:\Git\game\testgame\MiniGameStarter\TrainingFramework\src\GameManager\ResourceManagers.h(15,10): fatal  error C1083: Cannot open include file: 'soloud_wav.h': No such file or directory
  BiteAttackBState.cpp
D:\Git\game\testgame\MiniGameStarter\TrainingFramework\src\GameManager\ResourceManagers.h(15,10): fatal  error C1083: Cannot open include file: 'soloud_wav.h': No such file or directory
  BornMonsterManager.cpp
D:\Git\game\testgame\MiniGameStarter\TrainingFramework\src\GameManager\ResourceManagers.h(15,10): fatal  error C1083: Cannot open include file: 'soloud_wav.h': No such file or directory
  AnimationSprite.cpp
D:\Git\game\testgame\MiniGameStarter\TrainingFramework\src\GameObject\AnimationSprite.cpp(104,39): warning C4244: 'argument': conversion from 'int' to 'GLfloat', possible loss of data
D:\Git\game\testgame\MiniGameStarter\TrainingFramework\src\GameObject\AnimationSprite.cpp(109,39): warning C4244: 'argument': conversion from 'int' to 'GLfloat', possible loss of data
  ResourceManagers.cpp
D:\Git\game\testgame\MiniGameStarter\TrainingFramework\src\GameManager\ResourceManagers.h(15,10): fatal  error C1083: Cannot open include file: 'soloud_wav.h': No such file or directory
  Application.cpp
D:\Git\game\testgame\MiniGameStarter\TrainingFramework\src\Application.h(4,10): fatal  error C1083: Cannot open include file: 'soloud_wav.h': No such file or directory
  Generating Code...
