  Application.cpp
  ResourceManagers.cpp
  AnimationSprite.cpp
D:\Git\game\testgame\MiniGameStarter\TrainingFramework\src\GameObject\AnimationSprite.cpp(104,39): warning C4244: 'argument': conversion from 'int' to 'GLfloat', possible loss of data
D:\Git\game\testgame\MiniGameStarter\TrainingFramework\src\GameObject\AnimationSprite.cpp(109,39): warning C4244: 'argument': conversion from 'int' to 'GLfloat', possible loss of data
  BornMonsterManager.cpp
  BiteAttackBState.cpp
D:\Git\game\testgame\MiniGameStarter\TrainingFramework\src\GameObject\Boss\BiteAttackBState.cpp(17,41): warning C4244: 'argument': conversion from 'float' to 'GLint', possible loss of data
D:\Git\game\testgame\MiniGameStarter\TrainingFramework\src\GameObject\Boss\BiteAttackBState.cpp(17,25): warning C4244: 'argument': conversion from 'float' to 'GLint', possible loss of data
  Boss.cpp
  DeathBState.cpp
D:\Git\game\testgame\MiniGameStarter\TrainingFramework\src\GameObject\Boss\DeathBState.cpp(18,41): warning C4244: 'argument': conversion from 'float' to 'GLint', possible loss of data
D:\Git\game\testgame\MiniGameStarter\TrainingFramework\src\GameObject\Boss\DeathBState.cpp(18,25): warning C4244: 'argument': conversion from 'float' to 'GLint', possible loss of data
  FallBState.cpp
D:\Git\game\testgame\MiniGameStarter\TrainingFramework\src\GameObject\Boss\FallBState.cpp(18,41): warning C4244: 'argument': conversion from 'float' to 'GLint', possible loss of data
D:\Git\game\testgame\MiniGameStarter\TrainingFramework\src\GameObject\Boss\FallBState.cpp(18,25): warning C4244: 'argument': conversion from 'float' to 'GLint', possible loss of data
  HurtBState.cpp
D:\Git\game\testgame\MiniGameStarter\TrainingFramework\src\GameObject\Boss\HurtBState.cpp(18,41): warning C4244: 'argument': conversion from 'float' to 'GLint', possible loss of data
D:\Git\game\testgame\MiniGameStarter\TrainingFramework\src\GameObject\Boss\HurtBState.cpp(18,25): warning C4244: 'argument': conversion from 'float' to 'GLint', possible loss of data
  IdleBState.cpp
D:\Git\game\testgame\MiniGameStarter\TrainingFramework\src\GameObject\Boss\IdleBState.cpp(18,41): warning C4244: 'argument': conversion from 'float' to 'GLint', possible loss of data
D:\Git\game\testgame\MiniGameStarter\TrainingFramework\src\GameObject\Boss\IdleBState.cpp(18,25): warning C4244: 'argument': conversion from 'float' to 'GLint', possible loss of data
  JumpBiteBState.cpp
D:\Git\game\testgame\MiniGameStarter\TrainingFramework\src\GameObject\Boss\JumpBiteBState.cpp(19,41): warning C4244: 'argument': conversion from 'float' to 'GLint', possible loss of data
D:\Git\game\testgame\MiniGameStarter\TrainingFramework\src\GameObject\Boss\JumpBiteBState.cpp(19,25): warning C4244: 'argument': conversion from 'float' to 'GLint', possible loss of data
  JumpBState.cpp
D:\Git\game\testgame\MiniGameStarter\TrainingFramework\src\GameObject\Boss\JumpBState.cpp(17,41): warning C4244: 'argument': conversion from 'float' to 'GLint', possible loss of data
D:\Git\game\testgame\MiniGameStarter\TrainingFramework\src\GameObject\Boss\JumpBState.cpp(17,25): warning C4244: 'argument': conversion from 'float' to 'GLint', possible loss of data
  PosionAttackBState.cpp
D:\Git\game\testgame\MiniGameStarter\TrainingFramework\src\GameObject\Boss\PosionAttackBState.cpp(17,38): warning C4244: 'argument': conversion from 'float' to 'GLint', possible loss of data
D:\Git\game\testgame\MiniGameStarter\TrainingFramework\src\GameObject\Boss\PosionAttackBState.cpp(17,24): warning C4244: 'argument': conversion from 'float' to 'GLint', possible loss of data
D:\Git\game\testgame\MiniGameStarter\TrainingFramework\src\GameObject\Boss\PosionAttackBState.cpp(37,74): warning C4244: 'argument': conversion from 'int' to 'GLfloat', possible loss of data
  Bullet.cpp
  BulletManager.cpp
  AttackCState.cpp
  Charater.cpp
  DashCState.cpp
D:\Git\game\testgame\MiniGameStarter\TrainingFramework\src\GameObject\Character\DashCState.cpp(75,12): warning C4244: '=': conversion from 'int' to 'GLfloat', possible loss of data
  DeathCState.cpp
  FallCState.cpp
D:\Git\game\testgame\MiniGameStarter\TrainingFramework\src\GameObject\Character\FallCState.cpp(83,12): warning C4244: '=': conversion from 'int' to 'GLfloat', possible loss of data
  Compiling...
  IdleCState.cpp
  JumpCState.cpp
  RunCState.cpp
  CheckCollision.cpp
  Enemy.cpp
  EnemyManager.cpp
D:\Git\game\testgame\MiniGameStarter\TrainingFramework\src\GameObject\EnemyManager.cpp(45,74): warning C4244: 'argument': conversion from 'int' to 'GLfloat', possible loss of data
D:\Git\game\testgame\MiniGameStarter\TrainingFramework\src\GameObject\EnemyManager.cpp(48,67): warning C4244: 'argument': conversion from 'int' to 'GLfloat', possible loss of data
D:\Git\game\testgame\MiniGameStarter\TrainingFramework\src\GameObject\EnemyManager.cpp(48,35): warning C4244: 'argument': conversion from 'int' to 'GLfloat', possible loss of data
  Entity.cpp
  Flame.cpp
  FlameManager.cpp
D:\Git\game\testgame\MiniGameStarter\TrainingFramework\src\GameObject\FlameManager.cpp(55,26): warning C4244: 'argument': conversion from 'int' to 'GLfloat', possible loss of data
  Font.cpp
  GameButton.cpp
  LevelGame.cpp
  ParallelBackground.cpp
D:\Git\game\testgame\MiniGameStarter\TrainingFramework\src\GameObject\ParallelBackground.cpp(17,54): warning C4244: 'argument': conversion from 'double' to 'int', possible loss of data
D:\Git\game\testgame\MiniGameStarter\TrainingFramework\src\GameObject\ParallelBackground.cpp(18,43): warning C4244: 'argument': conversion from 'double' to 'int', possible loss of data
  Player.cpp
D:\Git\game\testgame\MiniGameStarter\TrainingFramework\src\GameObject\Player.cpp(35,13): warning C4244: '=': conversion from 'int' to 'GLfloat', possible loss of data
  BulletAttackSBState.cpp
D:\Git\game\testgame\MiniGameStarter\TrainingFramework\src\GameObject\SecretBoss\BulletAttackSBState.cpp(16,41): warning C4244: 'argument': conversion from 'float' to 'GLint', possible loss of data
D:\Git\game\testgame\MiniGameStarter\TrainingFramework\src\GameObject\SecretBoss\BulletAttackSBState.cpp(16,25): warning C4244: 'argument': conversion from 'float' to 'GLint', possible loss of data
  LazeAttackSBState.cpp
D:\Git\game\testgame\MiniGameStarter\TrainingFramework\src\GameObject\SecretBoss\LazeAttackSBState.cpp(21,41): warning C4244: 'argument': conversion from 'float' to 'GLint', possible loss of data
D:\Git\game\testgame\MiniGameStarter\TrainingFramework\src\GameObject\SecretBoss\LazeAttackSBState.cpp(21,25): warning C4244: 'argument': conversion from 'float' to 'GLint', possible loss of data
  MoveLeftSBState.cpp
D:\Git\game\testgame\MiniGameStarter\TrainingFramework\src\GameObject\SecretBoss\MoveLeftSBState.cpp(17,41): warning C4244: 'argument': conversion from 'float' to 'GLint', possible loss of data
D:\Git\game\testgame\MiniGameStarter\TrainingFramework\src\GameObject\SecretBoss\MoveLeftSBState.cpp(17,25): warning C4244: 'argument': conversion from 'float' to 'GLint', possible loss of data
  MoveRightSBState.cpp
D:\Git\game\testgame\MiniGameStarter\TrainingFramework\src\GameObject\SecretBoss\MoveRightSBState.cpp(18,41): warning C4244: 'argument': conversion from 'float' to 'GLint', possible loss of data
D:\Git\game\testgame\MiniGameStarter\TrainingFramework\src\GameObject\SecretBoss\MoveRightSBState.cpp(18,25): warning C4244: 'argument': conversion from 'float' to 'GLint', possible loss of data
D:\Git\game\testgame\MiniGameStarter\TrainingFramework\src\GameObject\SecretBoss\MoveRightSBState.cpp(39,24): warning C4244: '=': conversion from 'int' to 'GLfloat', possible loss of data
  SecretBoss.cpp
  StaticLayer.cpp
D:\Git\game\testgame\MiniGameStarter\TrainingFramework\src\GameObject\StaticLayer.cpp(7,94): warning C4244: 'argument': conversion from 'int' to 'GLfloat', possible loss of data
D:\Git\game\testgame\MiniGameStarter\TrainingFramework\src\GameObject\StaticLayer.cpp(7,76): warning C4244: 'argument': conversion from 'int' to 'GLfloat', possible loss of data
D:\Git\game\testgame\MiniGameStarter\TrainingFramework\src\GameObject\StaticLayer.cpp(7,145): warning C4244: 'argument': conversion from 'int' to 'GLfloat', possible loss of data
D:\Git\game\testgame\MiniGameStarter\TrainingFramework\src\GameObject\StaticLayer.cpp(7,127): warning C4244: 'argument': conversion from 'int' to 'GLfloat', possible loss of data
D:\Git\game\testgame\MiniGameStarter\TrainingFramework\src\GameObject\StaticLayer.cpp(11,106): warning C4244: 'argument': conversion from 'int' to 'GLfloat', possible loss of data
D:\Git\game\testgame\MiniGameStarter\TrainingFramework\src\GameObject\StaticLayer.cpp(11,88): warning C4244: 'argument': conversion from 'int' to 'GLfloat', possible loss of data
D:\Git\game\testgame\MiniGameStarter\TrainingFramework\src\GameObject\StaticLayer.cpp(11,157): warning C4244: 'argument': conversion from 'int' to 'GLfloat', possible loss of data
D:\Git\game\testgame\MiniGameStarter\TrainingFramework\src\GameObject\StaticLayer.cpp(11,139): warning C4244: 'argument': conversion from 'int' to 'GLfloat', possible loss of data
D:\Git\game\testgame\MiniGameStarter\TrainingFramework\src\GameObject\StaticLayer.cpp(16,12): warning C4244: '=': conversion from 'int' to 'GLfloat', possible loss of data
D:\Git\game\testgame\MiniGameStarter\TrainingFramework\src\GameObject\StaticLayer.cpp(17,12): warning C4244: '=': conversion from 'int' to 'GLfloat', possible loss of data
D:\Git\game\testgame\MiniGameStarter\TrainingFramework\src\GameObject\StaticLayer.cpp(18,19): warning C4244: '=': conversion from 'int' to 'GLfloat', possible loss of data
D:\Git\game\testgame\MiniGameStarter\TrainingFramework\src\GameObject\StaticLayer.cpp(19,19): warning C4244: '=': conversion from 'int' to 'GLfloat', possible loss of data
D:\Git\game\testgame\MiniGameStarter\TrainingFramework\src\GameObject\StaticLayer.cpp(53,54): warning C4244: 'argument': conversion from 'GLfloat' to 'int', possible loss of data
D:\Git\game\testgame\MiniGameStarter\TrainingFramework\src\GameObject\StaticLayer.cpp(53,38): warning C4244: 'argument': conversion from 'GLfloat' to 'int', possible loss of data
D:\Git\game\testgame\MiniGameStarter\TrainingFramework\src\GameObject\StaticLayer.cpp(57,29): warning C4244: 'argument': conversion from 'int' to 'GLfloat', possible loss of data
D:\Git\game\testgame\MiniGameStarter\TrainingFramework\src\GameObject\StaticLayer.cpp(57,26): warning C4244: 'argument': conversion from 'int' to 'GLfloat', possible loss of data
D:\Git\game\testgame\MiniGameStarter\TrainingFramework\src\GameObject\StaticLayer.cpp(58,43): warning C4244: 'argument': conversion from 'int' to 'GLfloat', possible loss of data
D:\Git\game\testgame\MiniGameStarter\TrainingFramework\src\GameObject\StaticLayer.cpp(58,38): warning C4244: 'argument': conversion from 'int' to 'GLfloat', possible loss of data
D:\Git\game\testgame\MiniGameStarter\TrainingFramework\src\GameObject\StaticLayer.cpp(59,21): warning C4244: 'argument': conversion from 'int' to 'GLfloat', possible loss of data
D:\Git\game\testgame\MiniGameStarter\TrainingFramework\src\GameObject\StaticLayer.cpp(59,18): warning C4244: 'argument': conversion from 'int' to 'GLfloat', possible loss of data
D:\Git\game\testgame\MiniGameStarter\TrainingFramework\src\GameObject\StaticLayer.cpp(65,28): warning C4244: 'argument': conversion from 'int' to 'GLfloat', possible loss of data
D:\Git\game\testgame\MiniGameStarter\TrainingFramework\src\GameObject\StaticLayer.cpp(65,26): warning C4244: 'argument': conversion from 'int' to 'GLfloat', possible loss of data
D:\Git\game\testgame\MiniGameStarter\TrainingFramework\src\GameObject\StaticLayer.cpp(66,43): warning C4244: 'argument': conversion from 'int' to 'GLfloat', possible loss of data
D:\Git\game\testgame\MiniGameStarter\TrainingFramework\src\GameObject\StaticLayer.cpp(66,38): warning C4244: 'argument': conversion from 'int' to 'GLfloat', possible loss of data
  Compiling...
  Score.cpp
D:\Git\game\testgame\MiniGameStarter\TrainingFramework\src\GameObject\Score.cpp(21,6): warning C4996: 'fopen': This function or variable may be unsafe. Consider using fopen_s instead. To disable deprecation, use _CRT_SECURE_NO_WARNINGS. See online help for details.
D:\Git\game\testgame\MiniGameStarter\TrainingFramework\src\GameObject\Score.cpp(32,6): warning C4996: 'fopen': This function or variable may be unsafe. Consider using fopen_s instead. To disable deprecation, use _CRT_SECURE_NO_WARNINGS. See online help for details.
  Sprite2D.cpp
D:\Git\game\testgame\MiniGameStarter\TrainingFramework\src\GameObject\Sprite2D.cpp(151,11): warning C4244: 'initializing': conversion from 'double' to 'float', possible loss of data
D:\Git\game\testgame\MiniGameStarter\TrainingFramework\src\GameObject\Sprite2D.cpp(152,11): warning C4244: 'initializing': conversion from 'double' to 'float', possible loss of data
D:\Git\game\testgame\MiniGameStarter\TrainingFramework\src\GameObject\Sprite2D.cpp(162,11): warning C4244: 'initializing': conversion from 'double' to 'float', possible loss of data
D:\Git\game\testgame\MiniGameStarter\TrainingFramework\src\GameObject\Sprite2D.cpp(163,11): warning C4244: 'initializing': conversion from 'double' to 'float', possible loss of data
  Camera.cpp
  Sprite3D.cpp
  Models.cpp
D:\Git\game\testgame\MiniGameStarter\TrainingFramework\src\GameObject\Models.cpp(10,3): warning C4477: 'printf' : format string '%s' requires an argument of type 'char *', but variadic argument 1 has type 'const std::string'
D:\Git\game\testgame\MiniGameStarter\TrainingFramework\src\GameObject\Models.cpp(13,2): warning C4477: 'printf' : format string '%s' requires an argument of type 'char *', but variadic argument 1 has type 'const std::string'
D:\Git\game\testgame\MiniGameStarter\TrainingFramework\src\GameObject\Models.cpp(25,18): warning C4244: 'initializing': conversion from 'std::streamoff' to 'size_t', possible loss of data
D:\Git\game\testgame\MiniGameStarter\TrainingFramework\src\GameObject\Models.cpp(35,12): warning C4996: 'sscanf': This function or variable may be unsafe. Consider using sscanf_s instead. To disable deprecation, use _CRT_SECURE_NO_WARNINGS. See online help for details.
D:\Git\game\testgame\MiniGameStarter\TrainingFramework\src\GameObject\Models.cpp(40,9): warning C4996: 'sscanf': This function or variable may be unsafe. Consider using sscanf_s instead. To disable deprecation, use _CRT_SECURE_NO_WARNINGS. See online help for details.
D:\Git\game\testgame\MiniGameStarter\TrainingFramework\src\GameObject\Models.cpp(62,8): warning C4996: 'sscanf': This function or variable may be unsafe. Consider using sscanf_s instead. To disable deprecation, use _CRT_SECURE_NO_WARNINGS. See online help for details.
D:\Git\game\testgame\MiniGameStarter\TrainingFramework\src\GameObject\Models.cpp(68,9): warning C4996: 'sscanf': This function or variable may be unsafe. Consider using sscanf_s instead. To disable deprecation, use _CRT_SECURE_NO_WARNINGS. See online help for details.
  Shaders.cpp
D:\Git\game\testgame\MiniGameStarter\TrainingFramework\src\GameObject\Shaders.cpp(21,2): warning C4477: 'printf' : format string '%s' requires an argument of type 'char *', but variadic argument 1 has type 'const std::string'
D:\Git\game\testgame\MiniGameStarter\TrainingFramework\src\GameObject\Shaders.cpp(21,2): warning C4477: 'printf' : format string '%s' requires an argument of type 'char *', but variadic argument 2 has type 'const std::string'
D:\Git\game\testgame\MiniGameStarter\TrainingFramework\src\GameObject\Shaders.cpp(25,3): warning C4477: 'printf' : format string '%s' requires an argument of type 'char *', but variadic argument 1 has type 'const std::string'
D:\Git\game\testgame\MiniGameStarter\TrainingFramework\src\GameObject\Shaders.cpp(32,3): warning C4477: 'printf' : format string '%s' requires an argument of type 'char *', but variadic argument 1 has type 'const std::string'
D:\Git\game\testgame\MiniGameStarter\TrainingFramework\src\GameObject\Shaders.cpp(44,2): warning C4477: 'printf' : format string '%s' requires an argument of type 'char *', but variadic argument 1 has type 'const std::string'
D:\Git\game\testgame\MiniGameStarter\TrainingFramework\src\GameObject\Shaders.cpp(44,2): warning C4477: 'printf' : format string '%s' requires an argument of type 'char *', but variadic argument 2 has type 'const std::string'
  Text.cpp
D:\Git\game\testgame\MiniGameStarter\TrainingFramework\src\GameObject\Text.cpp(24,11): warning C4244: 'initializing': conversion from 'double' to 'float', possible loss of data
D:\Git\game\testgame\MiniGameStarter\TrainingFramework\src\GameObject\Text.cpp(25,11): warning C4244: 'initializing': conversion from 'double' to 'float', possible loss of data
D:\Git\game\testgame\MiniGameStarter\TrainingFramework\src\GameObject\Text.cpp(171,11): warning C4244: 'initializing': conversion from 'double' to 'float', possible loss of data
D:\Git\game\testgame\MiniGameStarter\TrainingFramework\src\GameObject\Text.cpp(172,11): warning C4244: 'initializing': conversion from 'double' to 'float', possible loss of data
D:\Git\game\testgame\MiniGameStarter\TrainingFramework\src\GameObject\Text.cpp(182,11): warning C4244: 'initializing': conversion from 'double' to 'float', possible loss of data
D:\Git\game\testgame\MiniGameStarter\TrainingFramework\src\GameObject\Text.cpp(183,11): warning C4244: 'initializing': conversion from 'double' to 'float', possible loss of data
  Texture.cpp
  GameStatebase.cpp
  GameStateMachine.cpp
  GSCredit.cpp
D:\Git\game\testgame\MiniGameStarter\TrainingFramework\src\GameStates\GSCredit.cpp(23,60): warning C4244: 'argument': conversion from 'int' to 'GLfloat', possible loss of data
D:\Git\game\testgame\MiniGameStarter\TrainingFramework\src\GameStates\GSCredit.cpp(23,42): warning C4244: 'argument': conversion from 'int' to 'GLfloat', possible loss of data
D:\Git\game\testgame\MiniGameStarter\TrainingFramework\src\GameStates\GSCredit.cpp(31,36): warning C4244: 'argument': conversion from 'int' to 'GLfloat', possible loss of data
D:\Git\game\testgame\MiniGameStarter\TrainingFramework\src\GameStates\GSCredit.cpp(42,50): warning C4244: 'argument': conversion from 'int' to 'GLfloat', possible loss of data
D:\Git\game\testgame\MiniGameStarter\TrainingFramework\src\GameStates\GSCredit.cpp(44,53): warning C4244: 'argument': conversion from 'int' to 'GLfloat', possible loss of data
C:\Program Files\Microsoft Visual Studio\2022\Community\VC\Tools\MSVC\14.34.31933\include\xutility(231,77): warning C4244: 'argument': conversion from '_Ty' to 'float', possible loss of data
          with
          [
              _Ty=double
          ]
C:\Program Files\Microsoft Visual Studio\2022\Community\VC\Tools\MSVC\14.34.31933\include\memory(2031,1): message : see reference to function template instantiation 'void std::_Construct_in_place<_Ty,std::shared_ptr<Shaders>&,std::shared_ptr<Font>&,const char(&)[55],TEXT_COLOR,double>(_Ty &,std::shared_ptr<Shaders> &,std::shared_ptr<Font> &,const char (&)[55],TEXT_COLOR &&,double &&) noexcept(false)' being compiled
          with
          [
              _Ty=Text
          ]
C:\Program Files\Microsoft Visual Studio\2022\Community\VC\Tools\MSVC\14.34.31933\include\memory(2704,1): message : see reference to function template instantiation 'std::_Ref_count_obj2<_Ty>::_Ref_count_obj2<std::shared_ptr<Shaders>&,std::shared_ptr<Font>&,const char(&)[55],TEXT_COLOR,double>(std::shared_ptr<Shaders> &,std::shared_ptr<Font> &,const char (&)[55],TEXT_COLOR &&,double &&)' being compiled
          with
          [
              _Ty=Text
          ]
C:\Program Files\Microsoft Visual Studio\2022\Community\VC\Tools\MSVC\14.34.31933\include\memory(2704,20): message : see reference to function template instantiation 'std::_Ref_count_obj2<_Ty>::_Ref_count_obj2<std::shared_ptr<Shaders>&,std::shared_ptr<Font>&,const char(&)[55],TEXT_COLOR,double>(std::shared_ptr<Shaders> &,std::shared_ptr<Font> &,const char (&)[55],TEXT_COLOR &&,double &&)' being compiled
          with
          [
              _Ty=Text
          ]
D:\Git\game\testgame\MiniGameStarter\TrainingFramework\src\GameStates\GSCredit.cpp(41,130): message : see reference to function template instantiation 'std::shared_ptr<Text> std::make_shared<Text,std::shared_ptr<Shaders>&,std::shared_ptr<Font>&,const char(&)[55],TEXT_COLOR,double>(std::shared_ptr<Shaders> &,std::shared_ptr<Font> &,const char (&)[55],TEXT_COLOR &&,double &&)' being compiled
  GSEndGame.cpp
D:\Git\game\testgame\MiniGameStarter\TrainingFramework\src\GameStates\GSEndGame.cpp(38,60): warning C4244: 'argument': conversion from 'int' to 'GLfloat', possible loss of data
D:\Git\game\testgame\MiniGameStarter\TrainingFramework\src\GameStates\GSEndGame.cpp(38,42): warning C4244: 'argument': conversion from 'int' to 'GLfloat', possible loss of data
D:\Git\game\testgame\MiniGameStarter\TrainingFramework\src\GameStates\GSEndGame.cpp(44,55): warning C4244: 'argument': conversion from 'int' to 'GLfloat', possible loss of data
D:\Git\game\testgame\MiniGameStarter\TrainingFramework\src\GameStates\GSEndGame.cpp(44,37): warning C4244: 'argument': conversion from 'int' to 'GLfloat', possible loss of data
D:\Git\game\testgame\MiniGameStarter\TrainingFramework\src\GameStates\GSEndGame.cpp(57,57): warning C4244: 'argument': conversion from 'int' to 'GLfloat', possible loss of data
D:\Git\game\testgame\MiniGameStarter\TrainingFramework\src\GameStates\GSEndGame.cpp(57,39): warning C4244: 'argument': conversion from 'int' to 'GLfloat', possible loss of data
D:\Git\game\testgame\MiniGameStarter\TrainingFramework\src\GameStates\GSEndGame.cpp(70,62): warning C4244: 'argument': conversion from 'int' to 'GLfloat', possible loss of data
D:\Git\game\testgame\MiniGameStarter\TrainingFramework\src\GameStates\GSEndGame.cpp(70,38): warning C4244: 'argument': conversion from 'int' to 'GLfloat', possible loss of data
D:\Git\game\testgame\MiniGameStarter\TrainingFramework\src\GameStates\GSEndGame.cpp(74,58): warning C4244: 'argument': conversion from 'int' to 'GLfloat', possible loss of data
D:\Git\game\testgame\MiniGameStarter\TrainingFramework\src\GameStates\GSEndGame.cpp(74,38): warning C4244: 'argument': conversion from 'int' to 'GLfloat', possible loss of data
D:\Git\game\testgame\MiniGameStarter\TrainingFramework\src\GameStates\GSEndGame.cpp(78,62): warning C4244: 'argument': conversion from 'int' to 'GLfloat', possible loss of data
D:\Git\game\testgame\MiniGameStarter\TrainingFramework\src\GameStates\GSEndGame.cpp(78,38): warning C4244: 'argument': conversion from 'int' to 'GLfloat', possible loss of data
D:\Git\game\testgame\MiniGameStarter\TrainingFramework\src\GameStates\GSEndGame.cpp(82,58): warning C4244: 'argument': conversion from 'int' to 'GLfloat', possible loss of data
D:\Git\game\testgame\MiniGameStarter\TrainingFramework\src\GameStates\GSEndGame.cpp(82,38): warning C4244: 'argument': conversion from 'int' to 'GLfloat', possible loss of data
D:\Git\game\testgame\MiniGameStarter\TrainingFramework\src\GameStates\GSEndGame.cpp(84,49): warning C4244: 'argument': conversion from '__int64' to 'int', possible loss of data
C:\Program Files\Microsoft Visual Studio\2022\Community\VC\Tools\MSVC\14.34.31933\include\xutility(231,77): warning C4244: 'argument': conversion from '_Ty' to 'float', possible loss of data
          with
          [
              _Ty=double
          ]
C:\Program Files\Microsoft Visual Studio\2022\Community\VC\Tools\MSVC\14.34.31933\include\memory(2031,1): message : see reference to function template instantiation 'void std::_Construct_in_place<_Ty,std::shared_ptr<Shaders>&,std::shared_ptr<Font>&,const char(&)[11],TEXT_COLOR,double>(_Ty &,std::shared_ptr<Shaders> &,std::shared_ptr<Font> &,const char (&)[11],TEXT_COLOR &&,double &&) noexcept(false)' being compiled
          with
          [
              _Ty=Text
          ]
C:\Program Files\Microsoft Visual Studio\2022\Community\VC\Tools\MSVC\14.34.31933\include\memory(2704,1): message : see reference to function template instantiation 'std::_Ref_count_obj2<_Ty>::_Ref_count_obj2<std::shared_ptr<Shaders>&,std::shared_ptr<Font>&,const char(&)[11],TEXT_COLOR,double>(std::shared_ptr<Shaders> &,std::shared_ptr<Font> &,const char (&)[11],TEXT_COLOR &&,double &&)' being compiled
          with
          [
              _Ty=Text
          ]
C:\Program Files\Microsoft Visual Studio\2022\Community\VC\Tools\MSVC\14.34.31933\include\memory(2704,20): message : see reference to function template instantiation 'std::_Ref_count_obj2<_Ty>::_Ref_count_obj2<std::shared_ptr<Shaders>&,std::shared_ptr<Font>&,const char(&)[11],TEXT_COLOR,double>(std::shared_ptr<Shaders> &,std::shared_ptr<Font> &,const char (&)[11],TEXT_COLOR &&,double &&)' being compiled
          with
          [
              _Ty=Text
          ]
D:\Git\game\testgame\MiniGameStarter\TrainingFramework\src\GameStates\GSEndGame.cpp(69,88): message : see reference to function template instantiation 'std::shared_ptr<Text> std::make_shared<Text,std::shared_ptr<Shaders>&,std::shared_ptr<Font>&,const char(&)[11],TEXT_COLOR,double>(std::shared_ptr<Shaders> &,std::shared_ptr<Font> &,const char (&)[11],TEXT_COLOR &&,double &&)' being compiled
  GSHighScore.cpp
D:\Git\game\testgame\MiniGameStarter\TrainingFramework\src\GameStates\GSHighScore.cpp(23,60): warning C4244: 'argument': conversion from 'int' to 'GLfloat', possible loss of data
D:\Git\game\testgame\MiniGameStarter\TrainingFramework\src\GameStates\GSHighScore.cpp(23,42): warning C4244: 'argument': conversion from 'int' to 'GLfloat', possible loss of data
D:\Git\game\testgame\MiniGameStarter\TrainingFramework\src\GameStates\GSHighScore.cpp(29,36): warning C4244: 'argument': conversion from 'int' to 'GLfloat', possible loss of data
D:\Git\game\testgame\MiniGameStarter\TrainingFramework\src\GameStates\GSHighScore.cpp(39,51): warning C4244: 'argument': conversion from 'int' to 'GLfloat', possible loss of data
D:\Git\game\testgame\MiniGameStarter\TrainingFramework\src\GameStates\GSHighScore.cpp(39,35): warning C4244: 'argument': conversion from 'int' to 'GLfloat', possible loss of data
D:\Git\game\testgame\MiniGameStarter\TrainingFramework\src\GameStates\GSHighScore.cpp(53,58): warning C4244: 'argument': conversion from 'int' to 'GLfloat', possible loss of data
D:\Git\game\testgame\MiniGameStarter\TrainingFramework\src\GameStates\GSHighScore.cpp(53,37): warning C4244: 'argument': conversion from 'int' to 'GLfloat', possible loss of data
D:\Git\game\testgame\MiniGameStarter\TrainingFramework\src\GameStates\GSHighScore.cpp(63,66): warning C4244: 'argument': conversion from 'int' to 'GLfloat', possible loss of data
D:\Git\game\testgame\MiniGameStarter\TrainingFramework\src\GameStates\GSHighScore.cpp(63,39): warning C4244: 'argument': conversion from 'int' to 'GLfloat', possible loss of data
C:\Program Files\Microsoft Visual Studio\2022\Community\VC\Tools\MSVC\14.34.31933\include\xutility(231,77): warning C4244: 'argument': conversion from '_Ty' to 'float', possible loss of data
          with
          [
              _Ty=double
          ]
C:\Program Files\Microsoft Visual Studio\2022\Community\VC\Tools\MSVC\14.34.31933\include\memory(2031,1): message : see reference to function template instantiation 'void std::_Construct_in_place<_Ty,std::shared_ptr<Shaders>&,std::shared_ptr<Font>&,const char(&)[11],TEXT_COLOR,double>(_Ty &,std::shared_ptr<Shaders> &,std::shared_ptr<Font> &,const char (&)[11],TEXT_COLOR &&,double &&) noexcept(false)' being compiled
          with
          [
              _Ty=Text
          ]
C:\Program Files\Microsoft Visual Studio\2022\Community\VC\Tools\MSVC\14.34.31933\include\memory(2704,1): message : see reference to function template instantiation 'std::_Ref_count_obj2<_Ty>::_Ref_count_obj2<std::shared_ptr<Shaders>&,std::shared_ptr<Font>&,const char(&)[11],TEXT_COLOR,double>(std::shared_ptr<Shaders> &,std::shared_ptr<Font> &,const char (&)[11],TEXT_COLOR &&,double &&)' being compiled
          with
          [
              _Ty=Text
          ]
C:\Program Files\Microsoft Visual Studio\2022\Community\VC\Tools\MSVC\14.34.31933\include\memory(2704,20): message : see reference to function template instantiation 'std::_Ref_count_obj2<_Ty>::_Ref_count_obj2<std::shared_ptr<Shaders>&,std::shared_ptr<Font>&,const char(&)[11],TEXT_COLOR,double>(std::shared_ptr<Shaders> &,std::shared_ptr<Font> &,const char (&)[11],TEXT_COLOR &&,double &&)' being compiled
          with
          [
              _Ty=Text
          ]
D:\Git\game\testgame\MiniGameStarter\TrainingFramework\src\GameStates\GSHighScore.cpp(52,88): message : see reference to function template instantiation 'std::shared_ptr<Text> std::make_shared<Text,std::shared_ptr<Shaders>&,std::shared_ptr<Font>&,const char(&)[11],TEXT_COLOR,double>(std::shared_ptr<Shaders> &,std::shared_ptr<Font> &,const char (&)[11],TEXT_COLOR &&,double &&)' being compiled
  GSIntro.cpp
D:\Git\game\testgame\MiniGameStarter\TrainingFramework\src\GameStates\GSIntro.cpp(25,53): warning C4244: 'argument': conversion from 'int' to 'GLfloat', possible loss of data
D:\Git\game\testgame\MiniGameStarter\TrainingFramework\src\GameStates\GSIntro.cpp(25,35): warning C4244: 'argument': conversion from 'int' to 'GLfloat', possible loss of data
D:\Git\game\testgame\MiniGameStarter\TrainingFramework\src\GameStates\GSIntro.cpp(33,68): warning C4244: 'argument': conversion from 'int' to 'GLfloat', possible loss of data
D:\Git\game\testgame\MiniGameStarter\TrainingFramework\src\GameStates\GSIntro.cpp(33,47): warning C4244: 'argument': conversion from 'int' to 'GLfloat', possible loss of data
C:\Program Files\Microsoft Visual Studio\2022\Community\VC\Tools\MSVC\14.34.31933\include\xutility(231,77): warning C4244: 'argument': conversion from '_Ty' to 'float', possible loss of data
          with
          [
              _Ty=double
          ]
C:\Program Files\Microsoft Visual Studio\2022\Community\VC\Tools\MSVC\14.34.31933\include\memory(2031,1): message : see reference to function template instantiation 'void std::_Construct_in_place<_Ty,std::shared_ptr<Shaders>&,std::shared_ptr<Font>&,const char(&)[12],TEXT_COLOR,double>(_Ty &,std::shared_ptr<Shaders> &,std::shared_ptr<Font> &,const char (&)[12],TEXT_COLOR &&,double &&) noexcept(false)' being compiled
          with
          [
              _Ty=Text
          ]
C:\Program Files\Microsoft Visual Studio\2022\Community\VC\Tools\MSVC\14.34.31933\include\memory(2704,1): message : see reference to function template instantiation 'std::_Ref_count_obj2<_Ty>::_Ref_count_obj2<std::shared_ptr<Shaders>&,std::shared_ptr<Font>&,const char(&)[12],TEXT_COLOR,double>(std::shared_ptr<Shaders> &,std::shared_ptr<Font> &,const char (&)[12],TEXT_COLOR &&,double &&)' being compiled
          with
          [
              _Ty=Text
          ]
C:\Program Files\Microsoft Visual Studio\2022\Community\VC\Tools\MSVC\14.34.31933\include\memory(2704,20): message : see reference to function template instantiation 'std::_Ref_count_obj2<_Ty>::_Ref_count_obj2<std::shared_ptr<Shaders>&,std::shared_ptr<Font>&,const char(&)[12],TEXT_COLOR,double>(std::shared_ptr<Shaders> &,std::shared_ptr<Font> &,const char (&)[12],TEXT_COLOR &&,double &&)' being compiled
          with
          [
              _Ty=Text
          ]
D:\Git\game\testgame\MiniGameStarter\TrainingFramework\src\GameStates\GSIntro.cpp(32,86): message : see reference to function template instantiation 'std::shared_ptr<Text> std::make_shared<Text,std::shared_ptr<Shaders>&,std::shared_ptr<Font>&,const char(&)[12],TEXT_COLOR,double>(std::shared_ptr<Shaders> &,std::shared_ptr<Font> &,const char (&)[12],TEXT_COLOR &&,double &&)' being compiled
  GSMenu.cpp
D:\Git\game\testgame\MiniGameStarter\TrainingFramework\src\GameStates\GSMenu.cpp(52,54): warning C4244: 'argument': conversion from 'int' to 'GLfloat', possible loss of data
D:\Git\game\testgame\MiniGameStarter\TrainingFramework\src\GameStates\GSMenu.cpp(52,35): warning C4244: 'argument': conversion from 'int' to 'GLfloat', possible loss of data
D:\Git\game\testgame\MiniGameStarter\TrainingFramework\src\GameStates\GSMenu.cpp(64,57): warning C4244: 'argument': conversion from 'int' to 'GLfloat', possible loss of data
D:\Git\game\testgame\MiniGameStarter\TrainingFramework\src\GameStates\GSMenu.cpp(64,24): warning C4244: 'argument': conversion from 'int' to 'GLfloat', possible loss of data
D:\Git\game\testgame\MiniGameStarter\TrainingFramework\src\GameStates\GSMenu.cpp(75,57): warning C4244: 'argument': conversion from 'int' to 'GLfloat', possible loss of data
D:\Git\game\testgame\MiniGameStarter\TrainingFramework\src\GameStates\GSMenu.cpp(75,24): warning C4244: 'argument': conversion from 'int' to 'GLfloat', possible loss of data
D:\Git\game\testgame\MiniGameStarter\TrainingFramework\src\GameStates\GSMenu.cpp(86,57): warning C4244: 'argument': conversion from 'int' to 'GLfloat', possible loss of data
D:\Git\game\testgame\MiniGameStarter\TrainingFramework\src\GameStates\GSMenu.cpp(86,24): warning C4244: 'argument': conversion from 'int' to 'GLfloat', possible loss of data
D:\Git\game\testgame\MiniGameStarter\TrainingFramework\src\GameStates\GSMenu.cpp(97,57): warning C4244: 'argument': conversion from 'int' to 'GLfloat', possible loss of data
D:\Git\game\testgame\MiniGameStarter\TrainingFramework\src\GameStates\GSMenu.cpp(97,24): warning C4244: 'argument': conversion from 'int' to 'GLfloat', possible loss of data
D:\Git\game\testgame\MiniGameStarter\TrainingFramework\src\GameStates\GSMenu.cpp(110,56): warning C4244: 'argument': conversion from 'int' to 'GLfloat', possible loss of data
D:\Git\game\testgame\MiniGameStarter\TrainingFramework\src\GameStates\GSMenu.cpp(116,57): warning C4244: 'argument': conversion from 'int' to 'GLfloat', possible loss of data
D:\Git\game\testgame\MiniGameStarter\TrainingFramework\src\GameStates\GSMenu.cpp(116,36): warning C4244: 'argument': conversion from 'int' to 'GLfloat', possible loss of data
C:\Program Files\Microsoft Visual Studio\2022\Community\VC\Tools\MSVC\14.34.31933\include\xutility(231,77): warning C4244: 'argument': conversion from '_Ty' to 'float', possible loss of data
          with
          [
              _Ty=double
          ]
C:\Program Files\Microsoft Visual Studio\2022\Community\VC\Tools\MSVC\14.34.31933\include\memory(2031,1): message : see reference to function template instantiation 'void std::_Construct_in_place<_Ty,std::shared_ptr<Shaders>&,std::shared_ptr<Font>&,const char(&)[13],TEXT_COLOR,double>(_Ty &,std::shared_ptr<Shaders> &,std::shared_ptr<Font> &,const char (&)[13],TEXT_COLOR &&,double &&) noexcept(false)' being compiled
          with
          [
              _Ty=Text
          ]
C:\Program Files\Microsoft Visual Studio\2022\Community\VC\Tools\MSVC\14.34.31933\include\memory(2704,1): message : see reference to function template instantiation 'std::_Ref_count_obj2<_Ty>::_Ref_count_obj2<std::shared_ptr<Shaders>&,std::shared_ptr<Font>&,const char(&)[13],TEXT_COLOR,double>(std::shared_ptr<Shaders> &,std::shared_ptr<Font> &,const char (&)[13],TEXT_COLOR &&,double &&)' being compiled
          with
          [
              _Ty=Text
          ]
C:\Program Files\Microsoft Visual Studio\2022\Community\VC\Tools\MSVC\14.34.31933\include\memory(2704,20): message : see reference to function template instantiation 'std::_Ref_count_obj2<_Ty>::_Ref_count_obj2<std::shared_ptr<Shaders>&,std::shared_ptr<Font>&,const char(&)[13],TEXT_COLOR,double>(std::shared_ptr<Shaders> &,std::shared_ptr<Font> &,const char (&)[13],TEXT_COLOR &&,double &&)' being compiled
          with
          [
              _Ty=Text
          ]
D:\Git\game\testgame\MiniGameStarter\TrainingFramework\src\GameStates\GSMenu.cpp(109,96): message : see reference to function template instantiation 'std::shared_ptr<Text> std::make_shared<Text,std::shared_ptr<Shaders>&,std::shared_ptr<Font>&,const char(&)[13],TEXT_COLOR,double>(std::shared_ptr<Shaders> &,std::shared_ptr<Font> &,const char (&)[13],TEXT_COLOR &&,double &&)' being compiled
  GSOption.cpp
D:\Git\game\testgame\MiniGameStarter\TrainingFramework\src\GameStates\GSOption.cpp(23,60): warning C4244: 'argument': conversion from 'int' to 'GLfloat', possible loss of data
D:\Git\game\testgame\MiniGameStarter\TrainingFramework\src\GameStates\GSOption.cpp(23,42): warning C4244: 'argument': conversion from 'int' to 'GLfloat', possible loss of data
D:\Git\game\testgame\MiniGameStarter\TrainingFramework\src\GameStates\GSOption.cpp(29,36): warning C4244: 'argument': conversion from 'int' to 'GLfloat', possible loss of data
D:\Git\game\testgame\MiniGameStarter\TrainingFramework\src\GameStates\GSOption.cpp(39,54): warning C4244: 'argument': conversion from 'int' to 'GLfloat', possible loss of data
D:\Git\game\testgame\MiniGameStarter\TrainingFramework\src\GameStates\GSOption.cpp(39,37): warning C4244: 'argument': conversion from 'int' to 'GLfloat', possible loss of data
D:\Git\game\testgame\MiniGameStarter\TrainingFramework\src\GameStates\GSOption.cpp(49,57): warning C4244: 'argument': conversion from 'int' to 'GLfloat', possible loss of data
D:\Git\game\testgame\MiniGameStarter\TrainingFramework\src\GameStates\GSOption.cpp(49,39): warning C4244: 'argument': conversion from 'int' to 'GLfloat', possible loss of data
D:\Git\game\testgame\MiniGameStarter\TrainingFramework\src\GameStates\GSOption.cpp(60,61): warning C4244: 'argument': conversion from 'int' to 'GLfloat', possible loss of data
D:\Git\game\testgame\MiniGameStarter\TrainingFramework\src\GameStates\GSOption.cpp(60,38): warning C4244: 'argument': conversion from 'int' to 'GLfloat', possible loss of data
C:\Program Files\Microsoft Visual Studio\2022\Community\VC\Tools\MSVC\14.34.31933\include\xutility(231,77): warning C4244: 'argument': conversion from '_Ty' to 'float', possible loss of data
          with
          [
              _Ty=double
          ]
C:\Program Files\Microsoft Visual Studio\2022\Community\VC\Tools\MSVC\14.34.31933\include\memory(2031,1): message : see reference to function template instantiation 'void std::_Construct_in_place<_Ty,std::shared_ptr<Shaders>&,std::shared_ptr<Font>&,const char(&)[7],TEXT_COLOR,double>(_Ty &,std::shared_ptr<Shaders> &,std::shared_ptr<Font> &,const char (&)[7],TEXT_COLOR &&,double &&) noexcept(false)' being compiled
          with
          [
              _Ty=Text
          ]
C:\Program Files\Microsoft Visual Studio\2022\Community\VC\Tools\MSVC\14.34.31933\include\memory(2704,1): message : see reference to function template instantiation 'std::_Ref_count_obj2<_Ty>::_Ref_count_obj2<std::shared_ptr<Shaders>&,std::shared_ptr<Font>&,const char(&)[7],TEXT_COLOR,double>(std::shared_ptr<Shaders> &,std::shared_ptr<Font> &,const char (&)[7],TEXT_COLOR &&,double &&)' being compiled
          with
          [
              _Ty=Text
          ]
C:\Program Files\Microsoft Visual Studio\2022\Community\VC\Tools\MSVC\14.34.31933\include\memory(2704,20): message : see reference to function template instantiation 'std::_Ref_count_obj2<_Ty>::_Ref_count_obj2<std::shared_ptr<Shaders>&,std::shared_ptr<Font>&,const char(&)[7],TEXT_COLOR,double>(std::shared_ptr<Shaders> &,std::shared_ptr<Font> &,const char (&)[7],TEXT_COLOR &&,double &&)' being compiled
          with
          [
              _Ty=Text
          ]
D:\Git\game\testgame\MiniGameStarter\TrainingFramework\src\GameStates\GSOption.cpp(59,84): message : see reference to function template instantiation 'std::shared_ptr<Text> std::make_shared<Text,std::shared_ptr<Shaders>&,std::shared_ptr<Font>&,const char(&)[7],TEXT_COLOR,double>(std::shared_ptr<Shaders> &,std::shared_ptr<Font> &,const char (&)[7],TEXT_COLOR &&,double &&)' being compiled
  GSPlay.cpp
D:\Git\game\testgame\MiniGameStarter\TrainingFramework\src\GameStates\GSPlay.cpp(71,109): warning C4244: 'argument': conversion from 'int' to 'GLfloat', possible loss of data
D:\Git\game\testgame\MiniGameStarter\TrainingFramework\src\GameStates\GSPlay.cpp(72,129): warning C4244: 'argument': conversion from 'int' to 'GLfloat', possible loss of data
D:\Git\game\testgame\MiniGameStarter\TrainingFramework\src\GameStates\GSPlay.cpp(72,111): warning C4244: 'argument': conversion from 'int' to 'GLfloat', possible loss of data
D:\Git\game\testgame\MiniGameStarter\TrainingFramework\src\GameStates\GSPlay.cpp(73,125): warning C4244: 'argument': conversion from 'int' to 'GLfloat', possible loss of data
D:\Git\game\testgame\MiniGameStarter\TrainingFramework\src\GameStates\GSPlay.cpp(73,107): warning C4244: 'argument': conversion from 'int' to 'GLfloat', possible loss of data
D:\Git\game\testgame\MiniGameStarter\TrainingFramework\src\GameStates\GSPlay.cpp(74,124): warning C4244: 'argument': conversion from 'int' to 'GLfloat', possible loss of data
D:\Git\game\testgame\MiniGameStarter\TrainingFramework\src\GameStates\GSPlay.cpp(74,106): warning C4244: 'argument': conversion from 'int' to 'GLfloat', possible loss of data
D:\Git\game\testgame\MiniGameStarter\TrainingFramework\src\GameStates\GSPlay.cpp(75,119): warning C4244: 'argument': conversion from 'int' to 'GLfloat', possible loss of data
D:\Git\game\testgame\MiniGameStarter\TrainingFramework\src\GameStates\GSPlay.cpp(75,101): warning C4244: 'argument': conversion from 'int' to 'GLfloat', possible loss of data
D:\Git\game\testgame\MiniGameStarter\TrainingFramework\src\GameStates\GSPlay.cpp(76,120): warning C4244: 'argument': conversion from 'int' to 'GLfloat', possible loss of data
D:\Git\game\testgame\MiniGameStarter\TrainingFramework\src\GameStates\GSPlay.cpp(76,102): warning C4244: 'argument': conversion from 'int' to 'GLfloat', possible loss of data
D:\Git\game\testgame\MiniGameStarter\TrainingFramework\src\GameStates\GSPlay.cpp(77,120): warning C4244: 'argument': conversion from 'int' to 'GLfloat', possible loss of data
D:\Git\game\testgame\MiniGameStarter\TrainingFramework\src\GameStates\GSPlay.cpp(77,102): warning C4244: 'argument': conversion from 'int' to 'GLfloat', possible loss of data
D:\Git\game\testgame\MiniGameStarter\TrainingFramework\src\GameStates\GSPlay.cpp(80,64): warning C4244: 'argument': conversion from 'int' to 'GLfloat', possible loss of data
D:\Git\game\testgame\MiniGameStarter\TrainingFramework\src\GameStates\GSPlay.cpp(80,42): warning C4244: 'argument': conversion from 'int' to 'GLfloat', possible loss of data
D:\Git\game\testgame\MiniGameStarter\TrainingFramework\src\GameStates\GSPlay.cpp(81,72): warning C4244: 'argument': conversion from 'int' to 'GLfloat', possible loss of data
D:\Git\game\testgame\MiniGameStarter\TrainingFramework\src\GameStates\GSPlay.cpp(81,50): warning C4244: 'argument': conversion from 'int' to 'GLfloat', possible loss of data
D:\Git\game\testgame\MiniGameStarter\TrainingFramework\src\GameStates\GSPlay.cpp(105,47): warning C4244: 'argument': conversion from 'int' to 'GLfloat', possible loss of data
D:\Git\game\testgame\MiniGameStarter\TrainingFramework\src\GameStates\GSPlay.cpp(106,56): warning C4244: 'argument': conversion from 'int' to 'GLfloat', possible loss of data
D:\Git\game\testgame\MiniGameStarter\TrainingFramework\src\GameStates\GSPlay.cpp(110,155): warning C4244: 'argument': conversion from 'int' to 'GLfloat', possible loss of data
D:\Git\game\testgame\MiniGameStarter\TrainingFramework\src\GameStates\GSPlay.cpp(110,116): warning C4244: 'argument': conversion from 'float' to 'int', possible loss of data
D:\Git\game\testgame\MiniGameStarter\TrainingFramework\src\GameStates\GSPlay.cpp(110,105): warning C4244: 'argument': conversion from 'float' to 'int', possible loss of data
D:\Git\game\testgame\MiniGameStarter\TrainingFramework\src\GameStates\GSPlay.cpp(111,151): warning C4244: 'argument': conversion from 'int' to 'GLfloat', possible loss of data
D:\Git\game\testgame\MiniGameStarter\TrainingFramework\src\GameStates\GSPlay.cpp(111,112): warning C4244: 'argument': conversion from 'float' to 'int', possible loss of data
D:\Git\game\testgame\MiniGameStarter\TrainingFramework\src\GameStates\GSPlay.cpp(111,101): warning C4244: 'argument': conversion from 'float' to 'int', possible loss of data
D:\Git\game\testgame\MiniGameStarter\TrainingFramework\src\GameStates\GSPlay.cpp(120,137): warning C4244: 'argument': conversion from 'int' to 'GLfloat', possible loss of data
D:\Git\game\testgame\MiniGameStarter\TrainingFramework\src\GameStates\GSPlay.cpp(120,119): warning C4244: 'argument': conversion from 'int' to 'GLfloat', possible loss of data
D:\Git\game\testgame\MiniGameStarter\TrainingFramework\src\GameStates\GSPlay.cpp(121,127): warning C4244: 'argument': conversion from 'int' to 'GLfloat', possible loss of data
D:\Git\game\testgame\MiniGameStarter\TrainingFramework\src\GameStates\GSPlay.cpp(122,149): warning C4244: 'argument': conversion from 'int' to 'GLfloat', possible loss of data
D:\Git\game\testgame\MiniGameStarter\TrainingFramework\src\GameStates\GSPlay.cpp(122,131): warning C4244: 'argument': conversion from 'int' to 'GLfloat', possible loss of data
D:\Git\game\testgame\MiniGameStarter\TrainingFramework\src\GameStates\GSPlay.cpp(124,53): warning C4244: 'argument': conversion from 'int' to 'GLfloat', possible loss of data
D:\Git\game\testgame\MiniGameStarter\TrainingFramework\src\GameStates\GSPlay.cpp(135,139): warning C4244: 'argument': conversion from 'int' to 'GLfloat', possible loss of data
D:\Git\game\testgame\MiniGameStarter\TrainingFramework\src\GameStates\GSPlay.cpp(135,112): warning C4244: 'argument': conversion from 'int' to 'GLfloat', possible loss of data
D:\Git\game\testgame\MiniGameStarter\TrainingFramework\src\GameStates\GSPlay.cpp(136,145): warning C4244: 'argument': conversion from 'int' to 'GLfloat', possible loss of data
D:\Git\game\testgame\MiniGameStarter\TrainingFramework\src\GameStates\GSPlay.cpp(136,118): warning C4244: 'argument': conversion from 'int' to 'GLfloat', possible loss of data
D:\Git\game\testgame\MiniGameStarter\TrainingFramework\src\GameStates\GSPlay.cpp(145,143): warning C4244: 'argument': conversion from 'int' to 'GLfloat', possible loss of data
D:\Git\game\testgame\MiniGameStarter\TrainingFramework\src\GameStates\GSPlay.cpp(145,116): warning C4244: 'argument': conversion from 'int' to 'GLfloat', possible loss of data
D:\Git\game\testgame\MiniGameStarter\TrainingFramework\src\GameStates\GSPlay.cpp(146,146): warning C4244: 'argument': conversion from 'int' to 'GLfloat', possible loss of data
D:\Git\game\testgame\MiniGameStarter\TrainingFramework\src\GameStates\GSPlay.cpp(146,119): warning C4244: 'argument': conversion from 'int' to 'GLfloat', possible loss of data
D:\Git\game\testgame\MiniGameStarter\TrainingFramework\src\GameStates\GSPlay.cpp(239,24): warning C4305: '-=': truncation from 'double' to 'float'
C:\Program Files\Microsoft Visual Studio\2022\Community\VC\Tools\MSVC\14.34.31933\include\xutility(231,77): warning C4244: 'argument': conversion from '_Ty' to 'float', possible loss of data
          with
          [
              _Ty=double
          ]
C:\Program Files\Microsoft Visual Studio\2022\Community\VC\Tools\MSVC\14.34.31933\include\memory(2031,1): message : see reference to function template instantiation 'void std::_Construct_in_place<_Ty,std::shared_ptr<Shaders>&,std::shared_ptr<Font>&,const char(&)[2],TEXT_COLOR,double>(_Ty &,std::shared_ptr<Shaders> &,std::shared_ptr<Font> &,const char (&)[2],TEXT_COLOR &&,double &&) noexcept(false)' being compiled
          with
          [
              _Ty=Text
          ]
C:\Program Files\Microsoft Visual Studio\2022\Community\VC\Tools\MSVC\14.34.31933\include\memory(2704,1): message : see reference to function template instantiation 'std::_Ref_count_obj2<_Ty>::_Ref_count_obj2<std::shared_ptr<Shaders>&,std::shared_ptr<Font>&,const char(&)[2],TEXT_COLOR,double>(std::shared_ptr<Shaders> &,std::shared_ptr<Font> &,const char (&)[2],TEXT_COLOR &&,double &&)' being compiled
          with
          [
              _Ty=Text
          ]
C:\Program Files\Microsoft Visual Studio\2022\Community\VC\Tools\MSVC\14.34.31933\include\memory(2704,20): message : see reference to function template instantiation 'std::_Ref_count_obj2<_Ty>::_Ref_count_obj2<std::shared_ptr<Shaders>&,std::shared_ptr<Font>&,const char(&)[2],TEXT_COLOR,double>(std::shared_ptr<Shaders> &,std::shared_ptr<Font> &,const char (&)[2],TEXT_COLOR &&,double &&)' being compiled
          with
          [
              _Ty=Text
          ]
D:\Git\game\testgame\MiniGameStarter\TrainingFramework\src\GameStates\GSPlay.cpp(67,77): message : see reference to function template instantiation 'std::shared_ptr<Text> std::make_shared<Text,std::shared_ptr<Shaders>&,std::shared_ptr<Font>&,const char(&)[2],TEXT_COLOR,double>(std::shared_ptr<Shaders> &,std::shared_ptr<Font> &,const char (&)[2],TEXT_COLOR &&,double &&)' being compiled
  KeyBoard.cpp
  TrainingFramework.cpp
D:\Git\game\testgame\MiniGameStarter\TrainingFramework\src\TrainingFramework.cpp(49,12): warning C4244: 'argument': conversion from 'time_t' to 'unsigned int', possible loss of data
soloud_static.lib(soloud_core_basicops.obj) : warning LNK4075: ignoring '/EDITANDCONTINUE' due to '/OPT:ICF' specification
LINK : warning LNK4098: defaultlib 'MSVCRTD' conflicts with use of other libs; use /NODEFAULTLIB:library
LINK : warning LNK4098: defaultlib 'LIBCMTD' conflicts with use of other libs; use /NODEFAULTLIB:library
  Generating code
  2788 of 2803 functions (99.5%) were compiled, the rest were copied from previous compilation.
    6 functions were new in current compilation
    2 functions had inline decision re-evaluated but remain unchanged
  Finished generating code
  TrainingFramework.vcxproj -> D:\Git\game\testgame\MiniGameStarter\BIN-Nvidia\TrainingFramework.exe
